# Logfile created on 2014-05-15 03:06:02 -0400 by logger.rb/31641
I, [2014-05-15T03:06:02.605503 #345797]  INFO -- : 0:  rake (10.1.1) from /usr/libexec/openshift/cartridges/c9-0.1/root/lib/ruby/gems/specifications/rake-10.1.1.gemspec
I, [2014-05-15T03:06:02.614653 #345797]  INFO -- : 0:  i18n (0.6.9) from /usr/libexec/openshift/cartridges/c9-0.1/root/lib/ruby/gems/specifications/i18n-0.6.9.gemspec
I, [2014-05-15T03:06:02.615439 #345797]  INFO -- : 0:  minitest (4.7.5) from /usr/libexec/openshift/cartridges/c9-0.1/root/lib/ruby/gems/specifications/minitest-4.7.5.gemspec
I, [2014-05-15T03:06:02.618847 #345797]  INFO -- : 0:  multi_json (1.8.4) from /usr/libexec/openshift/cartridges/c9-0.1/root/lib/ruby/gems/specifications/multi_json-1.8.4.gemspec
I, [2014-05-15T03:06:02.619506 #345797]  INFO -- : 0:  atomic (1.1.14) from /usr/libexec/openshift/cartridges/c9-0.1/root/lib/ruby/gems/specifications/atomic-1.1.14.gemspec
I, [2014-05-15T03:06:02.620094 #345797]  INFO -- : 0:  thread_safe (0.1.3) from /usr/libexec/openshift/cartridges/c9-0.1/root/lib/ruby/gems/specifications/thread_safe-0.1.3.gemspec
I, [2014-05-15T03:06:02.633923 #345797]  INFO -- : 0:  tzinfo (0.3.38) from /usr/libexec/openshift/cartridges/c9-0.1/root/lib/ruby/gems/specifications/tzinfo-0.3.38.gemspec
I, [2014-05-15T03:06:02.634593 #345797]  INFO -- : 0:  activesupport (4.0.0) from /usr/libexec/openshift/cartridges/c9-0.1/root/lib/ruby/gems/specifications/activesupport-4.0.0.gemspec
I, [2014-05-15T03:06:02.635199 #345797]  INFO -- : 0:  builder (3.1.4) from /usr/libexec/openshift/cartridges/c9-0.1/root/lib/ruby/gems/specifications/builder-3.1.4.gemspec
I, [2014-05-15T03:06:02.635808 #345797]  INFO -- : 0:  erubis (2.7.0) from /usr/libexec/openshift/cartridges/c9-0.1/root/lib/ruby/gems/specifications/erubis-2.7.0.gemspec
I, [2014-05-15T03:06:02.685629 #345797]  INFO -- : 0:  rack (1.5.2) from /usr/libexec/openshift/cartridges/c9-0.1/root/lib/ruby/gems/specifications/rack-1.5.2.gemspec
I, [2014-05-15T03:06:02.687421 #345797]  INFO -- : 0:  rack-test (0.6.2) from /usr/libexec/openshift/cartridges/c9-0.1/root/lib/ruby/gems/specifications/rack-test-0.6.2.gemspec
I, [2014-05-15T03:06:02.689387 #345797]  INFO -- : 0:  actionpack (4.0.0) from /usr/libexec/openshift/cartridges/c9-0.1/root/lib/ruby/gems/specifications/actionpack-4.0.0.gemspec
I, [2014-05-15T03:06:02.690102 #345797]  INFO -- : 0:  mime-types (1.25.1) from /usr/libexec/openshift/cartridges/c9-0.1/root/lib/ruby/gems/specifications/mime-types-1.25.1.gemspec
I, [2014-05-15T03:06:02.690656 #345797]  INFO -- : 0:  polyglot (0.3.3) from /usr/libexec/openshift/cartridges/c9-0.1/root/lib/ruby/gems/specifications/polyglot-0.3.3.gemspec
I, [2014-05-15T03:06:02.691269 #345797]  INFO -- : 0:  treetop (1.4.15) from /usr/libexec/openshift/cartridges/c9-0.1/root/lib/ruby/gems/specifications/treetop-1.4.15.gemspec
I, [2014-05-15T03:06:02.691887 #345797]  INFO -- : 0:  mail (2.5.4) from /usr/libexec/openshift/cartridges/c9-0.1/root/lib/ruby/gems/specifications/mail-2.5.4.gemspec
I, [2014-05-15T03:06:02.692490 #345797]  INFO -- : 0:  actionmailer (4.0.0) from /usr/libexec/openshift/cartridges/c9-0.1/root/lib/ruby/gems/specifications/actionmailer-4.0.0.gemspec
I, [2014-05-15T03:06:02.694600 #345797]  INFO -- : 0:  activemodel (4.0.0) from /usr/libexec/openshift/cartridges/c9-0.1/root/lib/ruby/gems/specifications/activemodel-4.0.0.gemspec
I, [2014-05-15T03:06:02.695306 #345797]  INFO -- : 0:  activerecord-deprecated_finders (1.0.3) from /usr/libexec/openshift/cartridges/c9-0.1/root/lib/ruby/gems/specifications/activerecord-deprecated_finders-1.0.3.gemspec
I, [2014-05-15T03:06:02.695965 #345797]  INFO -- : 0:  arel (4.0.1) from /usr/libexec/openshift/cartridges/c9-0.1/root/lib/ruby/gems/specifications/arel-4.0.1.gemspec
I, [2014-05-15T03:06:02.696597 #345797]  INFO -- : 0:  activerecord (4.0.0) from /usr/libexec/openshift/cartridges/c9-0.1/root/lib/ruby/gems/specifications/activerecord-4.0.0.gemspec
I, [2014-05-15T03:06:02.697198 #345797]  INFO -- : 0:  bundler (1.5.1) from /usr/libexec/openshift/cartridges/c9-0.1/root/lib/ruby/gems/specifications/bundler-1.5.1.gemspec
I, [2014-05-15T03:06:02.698122 #345797]  INFO -- : 0:  coffee-script-source (1.6.3) from /usr/libexec/openshift/cartridges/c9-0.1/root/lib/ruby/gems/specifications/coffee-script-source-1.6.3.gemspec
I, [2014-05-15T03:06:02.698724 #345797]  INFO -- : 0:  execjs (2.0.2) from /usr/libexec/openshift/cartridges/c9-0.1/root/lib/ruby/gems/specifications/execjs-2.0.2.gemspec
I, [2014-05-15T03:06:02.699398 #345797]  INFO -- : 0:  coffee-script (2.2.0) from /usr/libexec/openshift/cartridges/c9-0.1/root/lib/ruby/gems/specifications/coffee-script-2.2.0.gemspec
I, [2014-05-15T03:06:02.712703 #345797]  INFO -- : 0:  thor (0.18.1) from /usr/libexec/openshift/cartridges/c9-0.1/root/lib/ruby/gems/specifications/thor-0.18.1.gemspec
I, [2014-05-15T03:06:02.713453 #345797]  INFO -- : 0:  railties (4.0.0) from /usr/libexec/openshift/cartridges/c9-0.1/root/lib/ruby/gems/specifications/railties-4.0.0.gemspec
I, [2014-05-15T03:06:02.727612 #345797]  INFO -- : 0:  coffee-rails (4.0.1) from /usr/libexec/openshift/cartridges/c9-0.1/root/lib/ruby/gems/specifications/coffee-rails-4.0.1.gemspec
I, [2014-05-15T03:06:02.728460 #345797]  INFO -- : 0:  hike (1.2.3) from /usr/libexec/openshift/cartridges/c9-0.1/root/lib/ruby/gems/specifications/hike-1.2.3.gemspec
I, [2014-05-15T03:06:02.729167 #345797]  INFO -- : 0:  jbuilder (1.5.3) from /usr/libexec/openshift/cartridges/c9-0.1/root/lib/ruby/gems/specifications/jbuilder-1.5.3.gemspec
I, [2014-05-15T03:06:02.729708 #345797]  INFO -- : 0:  jquery-rails (3.0.4) from /usr/libexec/openshift/cartridges/c9-0.1/root/lib/ruby/gems/specifications/jquery-rails-3.0.4.gemspec
I, [2014-05-15T03:06:02.785613 #345797]  INFO -- : 0:  json (1.8.1) from /usr/libexec/openshift/cartridges/c9-0.1/root/lib/ruby/gems/specifications/json-1.8.1.gemspec
I, [2014-05-15T03:06:02.807046 #345797]  INFO -- : 0:  tilt (1.4.1) from /usr/libexec/openshift/cartridges/c9-0.1/root/lib/ruby/gems/specifications/tilt-1.4.1.gemspec
I, [2014-05-15T03:06:02.809726 #345797]  INFO -- : 0:  sprockets (2.10.1) from /usr/libexec/openshift/cartridges/c9-0.1/root/lib/ruby/gems/specifications/sprockets-2.10.1.gemspec
I, [2014-05-15T03:06:02.810294 #345797]  INFO -- : 0:  sprockets-rails (2.0.1) from /usr/libexec/openshift/cartridges/c9-0.1/root/lib/ruby/gems/specifications/sprockets-rails-2.0.1.gemspec
I, [2014-05-15T03:06:02.817354 #345797]  INFO -- : 0:  rails (4.0.0) from /usr/libexec/openshift/cartridges/c9-0.1/root/lib/ruby/gems/specifications/rails-4.0.0.gemspec
I, [2014-05-15T03:06:02.818229 #345797]  INFO -- : 0:  rdoc (4.1.1) from /usr/libexec/openshift/cartridges/c9-0.1/root/lib/ruby/gems/specifications/rdoc-4.1.1.gemspec
I, [2014-05-15T03:06:02.818764 #345797]  INFO -- : 0:  sass (3.2.13) from /usr/libexec/openshift/cartridges/c9-0.1/root/lib/ruby/gems/specifications/sass-3.2.13.gemspec
I, [2014-05-15T03:06:02.819338 #345797]  INFO -- : 0:  sass-rails (4.0.1) from /usr/libexec/openshift/cartridges/c9-0.1/root/lib/ruby/gems/specifications/sass-rails-4.0.1.gemspec
I, [2014-05-15T03:06:02.820953 #345797]  INFO -- : 0:  sdoc (0.4.0) from /usr/libexec/openshift/cartridges/c9-0.1/root/lib/ruby/gems/specifications/sdoc-0.4.0.gemspec
I, [2014-05-15T03:06:02.821565 #345797]  INFO -- : 0:  turbolinks (2.2.0) from /usr/libexec/openshift/cartridges/c9-0.1/root/lib/ruby/gems/specifications/turbolinks-2.2.0.gemspec
I, [2014-05-15T03:06:02.822114 #345797]  INFO -- : 0:  uglifier (2.4.0) from /usr/libexec/openshift/cartridges/c9-0.1/root/lib/ruby/gems/specifications/uglifier-2.4.0.gemspec
I, [2014-05-15T16:03:02.220210 #196477]  INFO -- : 0:  rake (10.1.1) from /usr/libexec/openshift/cartridges/c9-0.1/root/lib/ruby/gems/specifications/rake-10.1.1.gemspec
I, [2014-05-15T16:03:02.226111 #196477]  INFO -- : 0:  i18n (0.6.9) from /usr/libexec/openshift/cartridges/c9-0.1/root/lib/ruby/gems/specifications/i18n-0.6.9.gemspec
I, [2014-05-15T16:03:02.231777 #196477]  INFO -- : 0:  minitest (4.7.5) from /usr/libexec/openshift/cartridges/c9-0.1/root/lib/ruby/gems/specifications/minitest-4.7.5.gemspec
I, [2014-05-15T16:03:02.232432 #196477]  INFO -- : 0:  multi_json (1.8.4) from /usr/libexec/openshift/cartridges/c9-0.1/root/lib/ruby/gems/specifications/multi_json-1.8.4.gemspec
I, [2014-05-15T16:03:02.233064 #196477]  INFO -- : 0:  atomic (1.1.14) from /usr/libexec/openshift/cartridges/c9-0.1/root/lib/ruby/gems/specifications/atomic-1.1.14.gemspec
I, [2014-05-15T16:03:02.233649 #196477]  INFO -- : 0:  thread_safe (0.1.3) from /usr/libexec/openshift/cartridges/c9-0.1/root/lib/ruby/gems/specifications/thread_safe-0.1.3.gemspec
I, [2014-05-15T16:03:02.236529 #196477]  INFO -- : 0:  tzinfo (0.3.38) from /usr/libexec/openshift/cartridges/c9-0.1/root/lib/ruby/gems/specifications/tzinfo-0.3.38.gemspec
I, [2014-05-15T16:03:02.237151 #196477]  INFO -- : 0:  activesupport (4.0.0) from /usr/libexec/openshift/cartridges/c9-0.1/root/lib/ruby/gems/specifications/activesupport-4.0.0.gemspec
I, [2014-05-15T16:03:02.237729 #196477]  INFO -- : 0:  builder (3.1.4) from /usr/libexec/openshift/cartridges/c9-0.1/root/lib/ruby/gems/specifications/builder-3.1.4.gemspec
I, [2014-05-15T16:03:02.238316 #196477]  INFO -- : 0:  erubis (2.7.0) from /usr/libexec/openshift/cartridges/c9-0.1/root/lib/ruby/gems/specifications/erubis-2.7.0.gemspec
I, [2014-05-15T16:03:02.240993 #196477]  INFO -- : 0:  rack (1.5.2) from /usr/libexec/openshift/cartridges/c9-0.1/root/lib/ruby/gems/specifications/rack-1.5.2.gemspec
I, [2014-05-15T16:03:02.241617 #196477]  INFO -- : 0:  rack-test (0.6.2) from /usr/libexec/openshift/cartridges/c9-0.1/root/lib/ruby/gems/specifications/rack-test-0.6.2.gemspec
I, [2014-05-15T16:03:02.242242 #196477]  INFO -- : 0:  actionpack (4.0.0) from /usr/libexec/openshift/cartridges/c9-0.1/root/lib/ruby/gems/specifications/actionpack-4.0.0.gemspec
I, [2014-05-15T16:03:02.242841 #196477]  INFO -- : 0:  mime-types (1.25.1) from /usr/libexec/openshift/cartridges/c9-0.1/root/lib/ruby/gems/specifications/mime-types-1.25.1.gemspec
I, [2014-05-15T16:03:02.266887 #196477]  INFO -- : 0:  polyglot (0.3.3) from /usr/libexec/openshift/cartridges/c9-0.1/root/lib/ruby/gems/specifications/polyglot-0.3.3.gemspec
I, [2014-05-15T16:03:02.267593 #196477]  INFO -- : 0:  treetop (1.4.15) from /usr/libexec/openshift/cartridges/c9-0.1/root/lib/ruby/gems/specifications/treetop-1.4.15.gemspec
I, [2014-05-15T16:03:02.268211 #196477]  INFO -- : 0:  mail (2.5.4) from /usr/libexec/openshift/cartridges/c9-0.1/root/lib/ruby/gems/specifications/mail-2.5.4.gemspec
I, [2014-05-15T16:03:02.268799 #196477]  INFO -- : 0:  actionmailer (4.0.0) from /usr/libexec/openshift/cartridges/c9-0.1/root/lib/ruby/gems/specifications/actionmailer-4.0.0.gemspec
I, [2014-05-15T16:03:02.273489 #196477]  INFO -- : 0:  activemodel (4.0.0) from /usr/libexec/openshift/cartridges/c9-0.1/root/lib/ruby/gems/specifications/activemodel-4.0.0.gemspec
I, [2014-05-15T16:03:02.285392 #196477]  INFO -- : 0:  activerecord-deprecated_finders (1.0.3) from /usr/libexec/openshift/cartridges/c9-0.1/root/lib/ruby/gems/specifications/activerecord-deprecated_finders-1.0.3.gemspec
I, [2014-05-15T16:03:02.292832 #196477]  INFO -- : 0:  arel (4.0.1) from /usr/libexec/openshift/cartridges/c9-0.1/root/lib/ruby/gems/specifications/arel-4.0.1.gemspec
I, [2014-05-15T16:03:02.293594 #196477]  INFO -- : 0:  activerecord (4.0.0) from /usr/libexec/openshift/cartridges/c9-0.1/root/lib/ruby/gems/specifications/activerecord-4.0.0.gemspec
I, [2014-05-15T16:03:02.294438 #196477]  INFO -- : 0:  bundler (1.5.1) from /usr/libexec/openshift/cartridges/c9-0.1/root/lib/ruby/gems/specifications/bundler-1.5.1.gemspec
I, [2014-05-15T16:03:02.295223 #196477]  INFO -- : 0:  coffee-script-source (1.6.3) from /usr/libexec/openshift/cartridges/c9-0.1/root/lib/ruby/gems/specifications/coffee-script-source-1.6.3.gemspec
I, [2014-05-15T16:03:02.295903 #196477]  INFO -- : 0:  execjs (2.0.2) from /usr/libexec/openshift/cartridges/c9-0.1/root/lib/ruby/gems/specifications/execjs-2.0.2.gemspec
I, [2014-05-15T16:03:02.296754 #196477]  INFO -- : 0:  coffee-script (2.2.0) from /usr/libexec/openshift/cartridges/c9-0.1/root/lib/ruby/gems/specifications/coffee-script-2.2.0.gemspec
I, [2014-05-15T16:03:02.297381 #196477]  INFO -- : 0:  thor (0.18.1) from /usr/libexec/openshift/cartridges/c9-0.1/root/lib/ruby/gems/specifications/thor-0.18.1.gemspec
I, [2014-05-15T16:03:02.299302 #196477]  INFO -- : 0:  railties (4.0.0) from /usr/libexec/openshift/cartridges/c9-0.1/root/lib/ruby/gems/specifications/railties-4.0.0.gemspec
I, [2014-05-15T16:03:02.300177 #196477]  INFO -- : 0:  coffee-rails (4.0.1) from /usr/libexec/openshift/cartridges/c9-0.1/root/lib/ruby/gems/specifications/coffee-rails-4.0.1.gemspec
I, [2014-05-15T16:03:02.301022 #196477]  INFO -- : 0:  hike (1.2.3) from /usr/libexec/openshift/cartridges/c9-0.1/root/lib/ruby/gems/specifications/hike-1.2.3.gemspec
I, [2014-05-15T16:03:02.301697 #196477]  INFO -- : 0:  jbuilder (1.5.3) from /usr/libexec/openshift/cartridges/c9-0.1/root/lib/ruby/gems/specifications/jbuilder-1.5.3.gemspec
I, [2014-05-15T16:03:02.304633 #196477]  INFO -- : 0:  jquery-rails (3.0.4) from /usr/libexec/openshift/cartridges/c9-0.1/root/lib/ruby/gems/specifications/jquery-rails-3.0.4.gemspec
I, [2014-05-15T16:03:02.306957 #196477]  INFO -- : 0:  json (1.8.1) from /usr/libexec/openshift/cartridges/c9-0.1/root/lib/ruby/gems/specifications/json-1.8.1.gemspec
I, [2014-05-15T16:03:25.804804 #196477]  INFO -- : 0:  mysql2 (0.3.16) from /var/lib/stickshift/536a545a5004465690000128/app-root/data/lib/ruby/gems/specifications/mysql2-0.3.16.gemspec
I, [2014-05-15T16:03:25.806132 #196477]  INFO -- : 0:  tilt (1.4.1) from /usr/libexec/openshift/cartridges/c9-0.1/root/lib/ruby/gems/specifications/tilt-1.4.1.gemspec
I, [2014-05-15T16:03:25.806857 #196477]  INFO -- : 0:  sprockets (2.10.1) from /usr/libexec/openshift/cartridges/c9-0.1/root/lib/ruby/gems/specifications/sprockets-2.10.1.gemspec
I, [2014-05-15T16:03:25.807612 #196477]  INFO -- : 0:  sprockets-rails (2.0.1) from /usr/libexec/openshift/cartridges/c9-0.1/root/lib/ruby/gems/specifications/sprockets-rails-2.0.1.gemspec
I, [2014-05-15T16:03:25.808220 #196477]  INFO -- : 0:  rails (4.0.0) from /usr/libexec/openshift/cartridges/c9-0.1/root/lib/ruby/gems/specifications/rails-4.0.0.gemspec
I, [2014-05-15T16:03:25.808912 #196477]  INFO -- : 0:  rdoc (4.1.1) from /usr/libexec/openshift/cartridges/c9-0.1/root/lib/ruby/gems/specifications/rdoc-4.1.1.gemspec
I, [2014-05-15T16:03:25.809537 #196477]  INFO -- : 0:  sass (3.2.13) from /usr/libexec/openshift/cartridges/c9-0.1/root/lib/ruby/gems/specifications/sass-3.2.13.gemspec
I, [2014-05-15T16:03:25.810184 #196477]  INFO -- : 0:  sass-rails (4.0.1) from /usr/libexec/openshift/cartridges/c9-0.1/root/lib/ruby/gems/specifications/sass-rails-4.0.1.gemspec
I, [2014-05-15T16:03:25.884174 #196477]  INFO -- : 0:  sdoc (0.4.0) from /usr/libexec/openshift/cartridges/c9-0.1/root/lib/ruby/gems/specifications/sdoc-0.4.0.gemspec
I, [2014-05-15T16:03:25.884914 #196477]  INFO -- : 0:  turbolinks (2.2.0) from /usr/libexec/openshift/cartridges/c9-0.1/root/lib/ruby/gems/specifications/turbolinks-2.2.0.gemspec
I, [2014-05-15T16:03:25.885538 #196477]  INFO -- : 0:  uglifier (2.4.0) from /usr/libexec/openshift/cartridges/c9-0.1/root/lib/ruby/gems/specifications/uglifier-2.4.0.gemspec
I, [2014-05-22T18:19:08.598360 #167574]  INFO -- : 0:  rake (10.1.1) from /usr/libexec/openshift/cartridges/c9-0.1/root/lib/ruby/gems/specifications/rake-10.1.1.gemspec
I, [2014-05-22T18:19:08.599553 #167574]  INFO -- : 0:  i18n (0.6.9) from /usr/libexec/openshift/cartridges/c9-0.1/root/lib/ruby/gems/specifications/i18n-0.6.9.gemspec
I, [2014-05-22T18:19:08.600622 #167574]  INFO -- : 0:  minitest (4.7.5) from /usr/libexec/openshift/cartridges/c9-0.1/root/lib/ruby/gems/specifications/minitest-4.7.5.gemspec
I, [2014-05-22T18:19:08.601424 #167574]  INFO -- : 0:  multi_json (1.8.4) from /usr/libexec/openshift/cartridges/c9-0.1/root/lib/ruby/gems/specifications/multi_json-1.8.4.gemspec
I, [2014-05-22T18:19:08.602298 #167574]  INFO -- : 0:  atomic (1.1.14) from /usr/libexec/openshift/cartridges/c9-0.1/root/lib/ruby/gems/specifications/atomic-1.1.14.gemspec
I, [2014-05-22T18:19:08.603215 #167574]  INFO -- : 0:  thread_safe (0.1.3) from /usr/libexec/openshift/cartridges/c9-0.1/root/lib/ruby/gems/specifications/thread_safe-0.1.3.gemspec
I, [2014-05-22T18:19:08.604127 #167574]  INFO -- : 0:  tzinfo (0.3.38) from /usr/libexec/openshift/cartridges/c9-0.1/root/lib/ruby/gems/specifications/tzinfo-0.3.38.gemspec
I, [2014-05-22T18:19:08.604986 #167574]  INFO -- : 0:  activesupport (4.0.0) from /usr/libexec/openshift/cartridges/c9-0.1/root/lib/ruby/gems/specifications/activesupport-4.0.0.gemspec
I, [2014-05-22T18:19:08.605806 #167574]  INFO -- : 0:  builder (3.1.4) from /usr/libexec/openshift/cartridges/c9-0.1/root/lib/ruby/gems/specifications/builder-3.1.4.gemspec
I, [2014-05-22T18:19:08.606637 #167574]  INFO -- : 0:  erubis (2.7.0) from /usr/libexec/openshift/cartridges/c9-0.1/root/lib/ruby/gems/specifications/erubis-2.7.0.gemspec
I, [2014-05-22T18:19:08.607428 #167574]  INFO -- : 0:  rack (1.5.2) from /usr/libexec/openshift/cartridges/c9-0.1/root/lib/ruby/gems/specifications/rack-1.5.2.gemspec
I, [2014-05-22T18:19:08.608256 #167574]  INFO -- : 0:  rack-test (0.6.2) from /usr/libexec/openshift/cartridges/c9-0.1/root/lib/ruby/gems/specifications/rack-test-0.6.2.gemspec
I, [2014-05-22T18:19:08.609065 #167574]  INFO -- : 0:  actionpack (4.0.0) from /usr/libexec/openshift/cartridges/c9-0.1/root/lib/ruby/gems/specifications/actionpack-4.0.0.gemspec
I, [2014-05-22T18:19:08.609925 #167574]  INFO -- : 0:  mime-types (1.25.1) from /usr/libexec/openshift/cartridges/c9-0.1/root/lib/ruby/gems/specifications/mime-types-1.25.1.gemspec
I, [2014-05-22T18:19:08.610742 #167574]  INFO -- : 0:  polyglot (0.3.3) from /usr/libexec/openshift/cartridges/c9-0.1/root/lib/ruby/gems/specifications/polyglot-0.3.3.gemspec
I, [2014-05-22T18:19:08.611856 #167574]  INFO -- : 0:  treetop (1.4.15) from /usr/libexec/openshift/cartridges/c9-0.1/root/lib/ruby/gems/specifications/treetop-1.4.15.gemspec
I, [2014-05-22T18:19:08.612787 #167574]  INFO -- : 0:  mail (2.5.4) from /usr/libexec/openshift/cartridges/c9-0.1/root/lib/ruby/gems/specifications/mail-2.5.4.gemspec
I, [2014-05-22T18:19:08.613681 #167574]  INFO -- : 0:  actionmailer (4.0.0) from /usr/libexec/openshift/cartridges/c9-0.1/root/lib/ruby/gems/specifications/actionmailer-4.0.0.gemspec
I, [2014-05-22T18:19:08.690163 #167574]  INFO -- : 0:  activemodel (4.0.0) from /usr/libexec/openshift/cartridges/c9-0.1/root/lib/ruby/gems/specifications/activemodel-4.0.0.gemspec
I, [2014-05-22T18:19:10.320524 #167574]  INFO -- : 0:  active_model_serializers (0.8.1) from /var/lib/stickshift/536a545a5004465690000128/app-root/data/lib/ruby/gems/specifications/active_model_serializers-0.8.1.gemspec
I, [2014-05-22T18:19:10.324435 #167574]  INFO -- : 0:  activerecord-deprecated_finders (1.0.3) from /usr/libexec/openshift/cartridges/c9-0.1/root/lib/ruby/gems/specifications/activerecord-deprecated_finders-1.0.3.gemspec
I, [2014-05-22T18:19:10.325590 #167574]  INFO -- : 0:  arel (4.0.1) from /usr/libexec/openshift/cartridges/c9-0.1/root/lib/ruby/gems/specifications/arel-4.0.1.gemspec
I, [2014-05-22T18:19:10.386891 #167574]  INFO -- : 0:  activerecord (4.0.0) from /usr/libexec/openshift/cartridges/c9-0.1/root/lib/ruby/gems/specifications/activerecord-4.0.0.gemspec
I, [2014-05-22T18:19:10.398315 #167574]  INFO -- : 0:  bundler (1.5.1) from /usr/libexec/openshift/cartridges/c9-0.1/root/lib/ruby/gems/specifications/bundler-1.5.1.gemspec
I, [2014-05-22T18:19:10.402976 #167574]  INFO -- : 0:  coffee-script-source (1.6.3) from /usr/libexec/openshift/cartridges/c9-0.1/root/lib/ruby/gems/specifications/coffee-script-source-1.6.3.gemspec
I, [2014-05-22T18:19:10.407282 #167574]  INFO -- : 0:  execjs (2.0.2) from /usr/libexec/openshift/cartridges/c9-0.1/root/lib/ruby/gems/specifications/execjs-2.0.2.gemspec
I, [2014-05-22T18:19:10.413011 #167574]  INFO -- : 0:  coffee-script (2.2.0) from /usr/libexec/openshift/cartridges/c9-0.1/root/lib/ruby/gems/specifications/coffee-script-2.2.0.gemspec
I, [2014-05-22T18:19:10.418553 #167574]  INFO -- : 0:  thor (0.18.1) from /usr/libexec/openshift/cartridges/c9-0.1/root/lib/ruby/gems/specifications/thor-0.18.1.gemspec
I, [2014-05-22T18:19:10.419887 #167574]  INFO -- : 0:  railties (4.0.0) from /usr/libexec/openshift/cartridges/c9-0.1/root/lib/ruby/gems/specifications/railties-4.0.0.gemspec
I, [2014-05-22T18:19:10.423085 #167574]  INFO -- : 0:  coffee-rails (4.0.1) from /usr/libexec/openshift/cartridges/c9-0.1/root/lib/ruby/gems/specifications/coffee-rails-4.0.1.gemspec
I, [2014-05-22T18:19:10.424565 #167574]  INFO -- : 0:  hike (1.2.3) from /usr/libexec/openshift/cartridges/c9-0.1/root/lib/ruby/gems/specifications/hike-1.2.3.gemspec
I, [2014-05-22T18:19:10.425525 #167574]  INFO -- : 0:  jbuilder (1.5.3) from /usr/libexec/openshift/cartridges/c9-0.1/root/lib/ruby/gems/specifications/jbuilder-1.5.3.gemspec
I, [2014-05-22T18:19:10.427721 #167574]  INFO -- : 0:  jquery-rails (3.0.4) from /usr/libexec/openshift/cartridges/c9-0.1/root/lib/ruby/gems/specifications/jquery-rails-3.0.4.gemspec
I, [2014-05-22T18:19:10.428482 #167574]  INFO -- : 0:  json (1.8.1) from /usr/libexec/openshift/cartridges/c9-0.1/root/lib/ruby/gems/specifications/json-1.8.1.gemspec
I, [2014-05-22T18:19:10.432096 #167574]  INFO -- : 0:  mysql2 (0.3.16) from /var/lib/stickshift/536a545a5004465690000128/app-root/data/lib/ruby/gems/specifications/mysql2-0.3.16.gemspec
I, [2014-05-22T18:19:10.438310 #167574]  INFO -- : 0:  tilt (1.4.1) from /usr/libexec/openshift/cartridges/c9-0.1/root/lib/ruby/gems/specifications/tilt-1.4.1.gemspec
I, [2014-05-22T18:19:10.439706 #167574]  INFO -- : 0:  sprockets (2.10.1) from /usr/libexec/openshift/cartridges/c9-0.1/root/lib/ruby/gems/specifications/sprockets-2.10.1.gemspec
I, [2014-05-22T18:19:10.440526 #167574]  INFO -- : 0:  sprockets-rails (2.0.1) from /usr/libexec/openshift/cartridges/c9-0.1/root/lib/ruby/gems/specifications/sprockets-rails-2.0.1.gemspec
I, [2014-05-22T18:19:10.443958 #167574]  INFO -- : 0:  rails (4.0.0) from /usr/libexec/openshift/cartridges/c9-0.1/root/lib/ruby/gems/specifications/rails-4.0.0.gemspec
I, [2014-05-22T18:19:10.448443 #167574]  INFO -- : 0:  rdoc (4.1.1) from /usr/libexec/openshift/cartridges/c9-0.1/root/lib/ruby/gems/specifications/rdoc-4.1.1.gemspec
I, [2014-05-22T18:19:10.449753 #167574]  INFO -- : 0:  sass (3.2.13) from /usr/libexec/openshift/cartridges/c9-0.1/root/lib/ruby/gems/specifications/sass-3.2.13.gemspec
I, [2014-05-22T18:19:10.450617 #167574]  INFO -- : 0:  sass-rails (4.0.1) from /usr/libexec/openshift/cartridges/c9-0.1/root/lib/ruby/gems/specifications/sass-rails-4.0.1.gemspec
I, [2014-05-22T18:19:10.451803 #167574]  INFO -- : 0:  sdoc (0.4.0) from /usr/libexec/openshift/cartridges/c9-0.1/root/lib/ruby/gems/specifications/sdoc-0.4.0.gemspec
I, [2014-05-22T18:19:10.452686 #167574]  INFO -- : 0:  turbolinks (2.2.0) from /usr/libexec/openshift/cartridges/c9-0.1/root/lib/ruby/gems/specifications/turbolinks-2.2.0.gemspec
I, [2014-05-22T18:19:10.453726 #167574]  INFO -- : 0:  uglifier (2.4.0) from /usr/libexec/openshift/cartridges/c9-0.1/root/lib/ruby/gems/specifications/uglifier-2.4.0.gemspec
I, [2014-05-23T17:40:42.126285 #485268]  INFO -- : 0:  rake (10.1.1) from /usr/libexec/openshift/cartridges/c9-0.1/root/lib/ruby/gems/specifications/rake-10.1.1.gemspec
I, [2014-05-23T17:40:42.140435 #485268]  INFO -- : 0:  i18n (0.6.9) from /usr/libexec/openshift/cartridges/c9-0.1/root/lib/ruby/gems/specifications/i18n-0.6.9.gemspec
I, [2014-05-23T17:40:42.184230 #485268]  INFO -- : 0:  minitest (4.7.5) from /usr/libexec/openshift/cartridges/c9-0.1/root/lib/ruby/gems/specifications/minitest-4.7.5.gemspec
I, [2014-05-23T17:40:42.189496 #485268]  INFO -- : 0:  multi_json (1.8.4) from /usr/libexec/openshift/cartridges/c9-0.1/root/lib/ruby/gems/specifications/multi_json-1.8.4.gemspec
I, [2014-05-23T17:40:42.194727 #485268]  INFO -- : 0:  atomic (1.1.14) from /usr/libexec/openshift/cartridges/c9-0.1/root/lib/ruby/gems/specifications/atomic-1.1.14.gemspec
I, [2014-05-23T17:40:42.196446 #485268]  INFO -- : 0:  thread_safe (0.1.3) from /usr/libexec/openshift/cartridges/c9-0.1/root/lib/ruby/gems/specifications/thread_safe-0.1.3.gemspec
I, [2014-05-23T17:40:42.201238 #485268]  INFO -- : 0:  tzinfo (0.3.38) from /usr/libexec/openshift/cartridges/c9-0.1/root/lib/ruby/gems/specifications/tzinfo-0.3.38.gemspec
I, [2014-05-23T17:40:42.207946 #485268]  INFO -- : 0:  activesupport (4.0.0) from /usr/libexec/openshift/cartridges/c9-0.1/root/lib/ruby/gems/specifications/activesupport-4.0.0.gemspec
I, [2014-05-23T17:40:42.209614 #485268]  INFO -- : 0:  builder (3.1.4) from /usr/libexec/openshift/cartridges/c9-0.1/root/lib/ruby/gems/specifications/builder-3.1.4.gemspec
I, [2014-05-23T17:40:42.217072 #485268]  INFO -- : 0:  erubis (2.7.0) from /usr/libexec/openshift/cartridges/c9-0.1/root/lib/ruby/gems/specifications/erubis-2.7.0.gemspec
I, [2014-05-23T17:40:42.222850 #485268]  INFO -- : 0:  rack (1.5.2) from /usr/libexec/openshift/cartridges/c9-0.1/root/lib/ruby/gems/specifications/rack-1.5.2.gemspec
I, [2014-05-23T17:40:42.228067 #485268]  INFO -- : 0:  rack-test (0.6.2) from /usr/libexec/openshift/cartridges/c9-0.1/root/lib/ruby/gems/specifications/rack-test-0.6.2.gemspec
I, [2014-05-23T17:40:42.229464 #485268]  INFO -- : 0:  actionpack (4.0.0) from /usr/libexec/openshift/cartridges/c9-0.1/root/lib/ruby/gems/specifications/actionpack-4.0.0.gemspec
I, [2014-05-23T17:40:42.235128 #485268]  INFO -- : 0:  mime-types (1.25.1) from /usr/libexec/openshift/cartridges/c9-0.1/root/lib/ruby/gems/specifications/mime-types-1.25.1.gemspec
I, [2014-05-23T17:40:42.236623 #485268]  INFO -- : 0:  polyglot (0.3.3) from /usr/libexec/openshift/cartridges/c9-0.1/root/lib/ruby/gems/specifications/polyglot-0.3.3.gemspec
I, [2014-05-23T17:40:42.238075 #485268]  INFO -- : 0:  treetop (1.4.15) from /usr/libexec/openshift/cartridges/c9-0.1/root/lib/ruby/gems/specifications/treetop-1.4.15.gemspec
I, [2014-05-23T17:40:42.239447 #485268]  INFO -- : 0:  mail (2.5.4) from /usr/libexec/openshift/cartridges/c9-0.1/root/lib/ruby/gems/specifications/mail-2.5.4.gemspec
I, [2014-05-23T17:40:42.284310 #485268]  INFO -- : 0:  actionmailer (4.0.0) from /usr/libexec/openshift/cartridges/c9-0.1/root/lib/ruby/gems/specifications/actionmailer-4.0.0.gemspec
I, [2014-05-23T17:40:42.286061 #485268]  INFO -- : 0:  activemodel (4.0.0) from /usr/libexec/openshift/cartridges/c9-0.1/root/lib/ruby/gems/specifications/activemodel-4.0.0.gemspec
I, [2014-05-23T17:40:42.287631 #485268]  INFO -- : 0:  active_model_serializers (0.8.1) from /var/lib/stickshift/536a545a5004465690000128/app-root/data/lib/ruby/gems/specifications/active_model_serializers-0.8.1.gemspec
I, [2014-05-23T17:40:42.289205 #485268]  INFO -- : 0:  activerecord-deprecated_finders (1.0.3) from /usr/libexec/openshift/cartridges/c9-0.1/root/lib/ruby/gems/specifications/activerecord-deprecated_finders-1.0.3.gemspec
I, [2014-05-23T17:40:42.295936 #485268]  INFO -- : 0:  arel (4.0.1) from /usr/libexec/openshift/cartridges/c9-0.1/root/lib/ruby/gems/specifications/arel-4.0.1.gemspec
I, [2014-05-23T17:40:42.297923 #485268]  INFO -- : 0:  activerecord (4.0.0) from /usr/libexec/openshift/cartridges/c9-0.1/root/lib/ruby/gems/specifications/activerecord-4.0.0.gemspec
I, [2014-05-23T17:40:42.299482 #485268]  INFO -- : 0:  coffee-script-source (1.6.3) from /usr/libexec/openshift/cartridges/c9-0.1/root/lib/ruby/gems/specifications/coffee-script-source-1.6.3.gemspec
I, [2014-05-23T17:40:42.301024 #485268]  INFO -- : 0:  execjs (2.0.2) from /usr/libexec/openshift/cartridges/c9-0.1/root/lib/ruby/gems/specifications/execjs-2.0.2.gemspec
I, [2014-05-23T17:40:42.302384 #485268]  INFO -- : 0:  coffee-script (2.2.0) from /usr/libexec/openshift/cartridges/c9-0.1/root/lib/ruby/gems/specifications/coffee-script-2.2.0.gemspec
I, [2014-05-23T17:40:42.306296 #485268]  INFO -- : 0:  thor (0.18.1) from /usr/libexec/openshift/cartridges/c9-0.1/root/lib/ruby/gems/specifications/thor-0.18.1.gemspec
I, [2014-05-23T17:40:42.308206 #485268]  INFO -- : 0:  railties (4.0.0) from /usr/libexec/openshift/cartridges/c9-0.1/root/lib/ruby/gems/specifications/railties-4.0.0.gemspec
I, [2014-05-23T17:40:42.309563 #485268]  INFO -- : 0:  coffee-rails (4.0.1) from /usr/libexec/openshift/cartridges/c9-0.1/root/lib/ruby/gems/specifications/coffee-rails-4.0.1.gemspec
I, [2014-05-23T17:40:42.311915 #485268]  INFO -- : 0:  hike (1.2.3) from /usr/libexec/openshift/cartridges/c9-0.1/root/lib/ruby/gems/specifications/hike-1.2.3.gemspec
I, [2014-05-23T17:40:42.313424 #485268]  INFO -- : 0:  jbuilder (1.5.3) from /usr/libexec/openshift/cartridges/c9-0.1/root/lib/ruby/gems/specifications/jbuilder-1.5.3.gemspec
I, [2014-05-23T17:40:42.323592 #485268]  INFO -- : 0:  jquery-rails (3.0.4) from /usr/libexec/openshift/cartridges/c9-0.1/root/lib/ruby/gems/specifications/jquery-rails-3.0.4.gemspec
I, [2014-05-23T17:40:42.324982 #485268]  INFO -- : 0:  json (1.8.1) from /usr/libexec/openshift/cartridges/c9-0.1/root/lib/ruby/gems/specifications/json-1.8.1.gemspec
I, [2014-05-23T17:42:26.708882 #485268]  INFO -- : 0:  pg (0.17.1) from /var/lib/stickshift/536a545a5004465690000128/app-root/data/lib/ruby/gems/specifications/pg-0.17.1.gemspec
I, [2014-05-23T17:42:26.711351 #485268]  INFO -- : 0:  bundler (1.5.1) from /usr/libexec/openshift/cartridges/c9-0.1/root/lib/ruby/gems/specifications/bundler-1.5.1.gemspec
I, [2014-05-23T17:42:26.713362 #485268]  INFO -- : 0:  tilt (1.4.1) from /usr/libexec/openshift/cartridges/c9-0.1/root/lib/ruby/gems/specifications/tilt-1.4.1.gemspec
I, [2014-05-23T17:42:26.717815 #485268]  INFO -- : 0:  sprockets (2.10.1) from /usr/libexec/openshift/cartridges/c9-0.1/root/lib/ruby/gems/specifications/sprockets-2.10.1.gemspec
I, [2014-05-23T17:42:26.786835 #485268]  INFO -- : 0:  sprockets-rails (2.0.1) from /usr/libexec/openshift/cartridges/c9-0.1/root/lib/ruby/gems/specifications/sprockets-rails-2.0.1.gemspec
I, [2014-05-23T17:42:26.799558 #485268]  INFO -- : 0:  rails (4.0.0) from /usr/libexec/openshift/cartridges/c9-0.1/root/lib/ruby/gems/specifications/rails-4.0.0.gemspec
I, [2014-05-23T17:42:26.813286 #485268]  INFO -- : 0:  rdoc (4.1.1) from /usr/libexec/openshift/cartridges/c9-0.1/root/lib/ruby/gems/specifications/rdoc-4.1.1.gemspec
I, [2014-05-23T17:42:26.826002 #485268]  INFO -- : 0:  sass (3.2.13) from /usr/libexec/openshift/cartridges/c9-0.1/root/lib/ruby/gems/specifications/sass-3.2.13.gemspec
I, [2014-05-23T17:42:26.834431 #485268]  INFO -- : 0:  sass-rails (4.0.1) from /usr/libexec/openshift/cartridges/c9-0.1/root/lib/ruby/gems/specifications/sass-rails-4.0.1.gemspec
I, [2014-05-23T17:42:26.910470 #485268]  INFO -- : 0:  sdoc (0.4.0) from /usr/libexec/openshift/cartridges/c9-0.1/root/lib/ruby/gems/specifications/sdoc-0.4.0.gemspec
I, [2014-05-23T17:42:26.916385 #485268]  INFO -- : 0:  turbolinks (2.2.0) from /usr/libexec/openshift/cartridges/c9-0.1/root/lib/ruby/gems/specifications/turbolinks-2.2.0.gemspec
I, [2014-05-23T17:42:26.918740 #485268]  INFO -- : 0:  uglifier (2.4.0) from /usr/libexec/openshift/cartridges/c9-0.1/root/lib/ruby/gems/specifications/uglifier-2.4.0.gemspec
